+ PS4='$LINENO:	'
7:	cd /home/runner/work/all/all
228:	date +%Y年%m月%d日·周%u·%H点%M分%S秒.%3N毫秒
28:	echo 2022年04月14日·周4·12点17分33秒.352毫秒
29:	setsid curl -sI some6508.ccaeo.com
330:	curl -s https://api.github.com/repos/changfengoss/pub/commits
330:	sed 's/.*"html_url": /html_url=/g'
330:	grep -m 1 html_url
30:	eval 'html_url="https://github.com/changfengoss/pub/commit/8b8078fa1ca078a1b837eea201e34e4156011eec",'
330:	html_url=https://github.com/changfengoss/pub/commit/8b8078fa1ca078a1b837eea201e34e4156011eec,
331:	sed -n 's|^      <a href="#diff-.*">|href="https://raw.githubusercontent.com/changfengoss/pub/main/|p'
331:	sed 's|</a>|"|g'
331:	curl -s https://github.com/changfengoss/pub/commit/8b8078fa1ca078a1b837eea201e34e4156011eec
31:	eval 'href="https://raw.githubusercontent.com/changfengoss/pub/main/data/2022_04_14/8dP0Kn.txt"'
331:	href=https://raw.githubusercontent.com/changfengoss/pub/main/data/2022_04_14/8dP0Kn.txt
32:	case "$href" in
33:	CURL v https://raw.githubusercontent.com/changfengoss/pub/main/data/2022_04_14/8dP0Kn.txt
10:	echo --------------------------------------------------
11:	ec '- 下载文件	v'
88:	date +%M分%S秒.%3N毫秒
8:	echo '17分34秒.520毫秒	- 下载文件	v'
12:	ec '- 连接链接	https://raw.githubusercontent.com/changfengoss/pub/main/data/2022_04_14/8dP0Kn.txt'
88:	date +%M分%S秒.%3N毫秒
8:	echo '17分34秒.522毫秒	- 连接链接	https://raw.githubusercontent.com/changfengoss/pub/main/data/2022_04_14/8dP0Kn.txt'
13:	curl -s --connect-timeout 10 -o /home/runner/work/all/all/v https://raw.githubusercontent.com/changfengoss/pub/main/data/2022_04_14/8dP0Kn.txt
14:	local CURL=0
15:	[[ 0 = 0 ]]
15:	ec '- 下载完成	0'
88:	date +%M分%S秒.%3N毫秒
8:	echo '17分34秒.737毫秒	- 下载完成	0'
16:	return 0
337:	curl -s https://api.github.com/repos/pojiezhiyuanjun/freev2/commits
337:	sed 's/.*"html_url": /html_url=/g'
337:	grep -m 1 html_url
37:	eval 'html_url="https://github.com/pojiezhiyuanjun/freev2/commit/ed3cede7364f9f0ad612f75e4539a9225df9614e",'
337:	html_url=https://github.com/pojiezhiyuanjun/freev2/commit/ed3cede7364f9f0ad612f75e4539a9225df9614e,
338:	curl -s https://github.com/pojiezhiyuanjun/freev2/commit/ed3cede7364f9f0ad612f75e4539a9225df9614e
338:	sed 's|</a>|"|g'
338:	sed -n 's|^      <a href="#diff-.*">|href="https://raw.githubusercontent.com/pojiezhiyuanjun/freev2/master/|p'
38:	eval 'href="https://raw.githubusercontent.com/pojiezhiyuanjun/freev2/master/0413.txt"
href="https://raw.githubusercontent.com/pojiezhiyuanjun/freev2/master/0413.zip"
href="https://raw.githubusercontent.com/pojiezhiyuanjun/freev2/master/0413clash.yml"'
338:	href=https://raw.githubusercontent.com/pojiezhiyuanjun/freev2/master/0413.txt
339:	href=https://raw.githubusercontent.com/pojiezhiyuanjun/freev2/master/0413.zip
440:	href=https://raw.githubusercontent.com/pojiezhiyuanjun/freev2/master/0413clash.yml
39:	case "$href" in
41:	CURL c2 https://raw.githubusercontent.com/pojiezhiyuanjun/freev2/master/0413clash.yml
10:	echo --------------------------------------------------
11:	ec '- 下载文件	c2'
88:	date +%M分%S秒.%3N毫秒
8:	echo '17分35秒.441毫秒	- 下载文件	c2'
12:	ec '- 连接链接	https://raw.githubusercontent.com/pojiezhiyuanjun/freev2/master/0413clash.yml'
88:	date +%M分%S秒.%3N毫秒
8:	echo '17分35秒.444毫秒	- 连接链接	https://raw.githubusercontent.com/pojiezhiyuanjun/freev2/master/0413clash.yml'
13:	curl -s --connect-timeout 10 -o /home/runner/work/all/all/c2 https://raw.githubusercontent.com/pojiezhiyuanjun/freev2/master/0413clash.yml
14:	local CURL=0
15:	[[ 0 = 0 ]]
15:	ec '- 下载完成	0'
88:	date +%M分%S秒.%3N毫秒
8:	echo '17分35秒.625毫秒	- 下载完成	0'
16:	return 0
448:	curl -s https://api.github.com/repos/zyfxz/V2Ray/commits
448:	sed 's/.*"html_url": /html_url=/g'
448:	grep -m 1 html_url
48:	eval 'html_url="https://github.com/zyfxz/V2Ray/commit/47ec12a9ae8504239ac9ba1cc95a0a6f33d47880",'
448:	html_url=https://github.com/zyfxz/V2Ray/commit/47ec12a9ae8504239ac9ba1cc95a0a6f33d47880,
449:	curl -s https://github.com/zyfxz/V2Ray/commit/47ec12a9ae8504239ac9ba1cc95a0a6f33d47880
449:	sed 's|</a>|"|g'
449:	sed -n 's|^      <a href="#diff-.*">|href="https://raw.githubusercontent.com/zyfxz/V2Ray/main/|p'
49:	eval 'href="https://raw.githubusercontent.com/zyfxz/V2Ray/main/area"'
449:	href=https://raw.githubusercontent.com/zyfxz/V2Ray/main/area
50:	CURL v3 https://raw.githubusercontent.com/zyfxz/V2Ray/main/area
10:	echo --------------------------------------------------
11:	ec '- 下载文件	v3'
88:	date +%M分%S秒.%3N毫秒
8:	echo '17分36秒.253毫秒	- 下载文件	v3'
12:	ec '- 连接链接	https://raw.githubusercontent.com/zyfxz/V2Ray/main/area'
88:	date +%M分%S秒.%3N毫秒
8:	echo '17分36秒.254毫秒	- 连接链接	https://raw.githubusercontent.com/zyfxz/V2Ray/main/area'
13:	curl -s --connect-timeout 10 -o /home/runner/work/all/all/v3 https://raw.githubusercontent.com/zyfxz/V2Ray/main/area
14:	local CURL=0
15:	[[ 0 = 0 ]]
15:	ec '- 下载完成	0'
88:	date +%M分%S秒.%3N毫秒
8:	echo '17分36秒.441毫秒	- 下载完成	0'
16:	return 0
551:	curl -s https://api.github.com/repos/zyfxz/clash/commits
551:	sed 's/.*"html_url": /html_url=/g'
551:	grep -m 1 html_url
51:	eval 'html_url="https://github.com/zyfxz/clash/commit/42e3c11cea51731db5258419d60367f0ca977968",'
551:	html_url=https://github.com/zyfxz/clash/commit/42e3c11cea51731db5258419d60367f0ca977968,
552:	curl -s https://github.com/zyfxz/clash/commit/42e3c11cea51731db5258419d60367f0ca977968
552:	sed 's|</a>|"|g'
552:	sed -n 's|^      <a href="#diff-.*">|href="https://raw.githubusercontent.com/zyfxz/clash/main/|p'
52:	eval 'href="https://raw.githubusercontent.com/zyfxz/clash/main/area"'
552:	href=https://raw.githubusercontent.com/zyfxz/clash/main/area
53:	CURL c3 https://raw.githubusercontent.com/zyfxz/clash/main/area
10:	echo --------------------------------------------------
11:	ec '- 下载文件	c3'
88:	date +%M分%S秒.%3N毫秒
8:	echo '17分37秒.274毫秒	- 下载文件	c3'
12:	ec '- 连接链接	https://raw.githubusercontent.com/zyfxz/clash/main/area'
88:	date +%M分%S秒.%3N毫秒
8:	echo '17分37秒.276毫秒	- 连接链接	https://raw.githubusercontent.com/zyfxz/clash/main/area'
13:	curl -s --connect-timeout 10 -o /home/runner/work/all/all/c3 https://raw.githubusercontent.com/zyfxz/clash/main/area
14:	local CURL=0
15:	[[ 0 = 0 ]]
15:	ec '- 下载完成	0'
88:	date +%M分%S秒.%3N毫秒
8:	echo '17分37秒.443毫秒	- 下载完成	0'
16:	return 0
554:	grep -m 1 html_url
554:	sed 's/.*"html_url": /html_url=/g'
554:	curl -s https://api.github.com/repos/FMYC2015/V2ray/commits
54:	eval 'html_url="https://github.com/FMYC2015/V2ray/commit/dae8dd05de1b6a82c6def6a61c53c8416215d909",'
554:	html_url=https://github.com/FMYC2015/V2ray/commit/dae8dd05de1b6a82c6def6a61c53c8416215d909,
555:	curl -s https://github.com/FMYC2015/V2ray/commit/dae8dd05de1b6a82c6def6a61c53c8416215d909
555:	sed 's|</a>|"|g'
555:	sed -n 's|^      <a href="#diff-.*">|href="https://raw.githubusercontent.com/FMYC2015/V2ray/main/|p'
55:	eval 'href="https://raw.githubusercontent.com/FMYC2015/V2ray/main/2022/2022-04-14"'
555:	href=https://raw.githubusercontent.com/FMYC2015/V2ray/main/2022/2022-04-14
56:	CURL v4 https://raw.githubusercontent.com/FMYC2015/V2ray/main/2022/2022-04-14
10:	echo --------------------------------------------------
11:	ec '- 下载文件	v4'
88:	date +%M分%S秒.%3N毫秒
8:	echo '17分38秒.138毫秒	- 下载文件	v4'
12:	ec '- 连接链接	https://raw.githubusercontent.com/FMYC2015/V2ray/main/2022/2022-04-14'
88:	date +%M分%S秒.%3N毫秒
8:	echo '17分38秒.140毫秒	- 连接链接	https://raw.githubusercontent.com/FMYC2015/V2ray/main/2022/2022-04-14'
13:	curl -s --connect-timeout 10 -o /home/runner/work/all/all/v4 https://raw.githubusercontent.com/FMYC2015/V2ray/main/2022/2022-04-14
14:	local CURL=0
15:	[[ 0 = 0 ]]
15:	ec '- 下载完成	0'
88:	date +%M分%S秒.%3N毫秒
8:	echo '17分38秒.305毫秒	- 下载完成	0'
16:	return 0
557:	curl -s https://api.github.com/repos/FMYC2015/Clash/commits
557:	sed 's/.*"html_url": /html_url=/g'
557:	grep -m 1 html_url
57:	eval 'html_url="https://github.com/FMYC2015/Clash/commit/94faed9bbf1f10c09e377615dd397efb1a823a12",'
557:	html_url=https://github.com/FMYC2015/Clash/commit/94faed9bbf1f10c09e377615dd397efb1a823a12,
558:	curl -s https://github.com/FMYC2015/Clash/commit/94faed9bbf1f10c09e377615dd397efb1a823a12
558:	sed 's|</a>|"|g'
558:	sed -n 's|^      <a href="#diff-.*">|href="https://raw.githubusercontent.com/FMYC2015/Clash/main/|p'
58:	eval 'href="https://raw.githubusercontent.com/FMYC2015/Clash/main/2022/2022-04-14"'
558:	href=https://raw.githubusercontent.com/FMYC2015/Clash/main/2022/2022-04-14
59:	CURL c4 https://raw.githubusercontent.com/FMYC2015/Clash/main/2022/2022-04-14
10:	echo --------------------------------------------------
11:	ec '- 下载文件	c4'
88:	date +%M分%S秒.%3N毫秒
8:	echo '17分38秒.948毫秒	- 下载文件	c4'
12:	ec '- 连接链接	https://raw.githubusercontent.com/FMYC2015/Clash/main/2022/2022-04-14'
88:	date +%M分%S秒.%3N毫秒
8:	echo '17分38秒.950毫秒	- 连接链接	https://raw.githubusercontent.com/FMYC2015/Clash/main/2022/2022-04-14'
13:	curl -s --connect-timeout 10 -o /home/runner/work/all/all/c4 https://raw.githubusercontent.com/FMYC2015/Clash/main/2022/2022-04-14
14:	local CURL=0
15:	[[ 0 = 0 ]]
15:	ec '- 下载完成	0'
88:	date +%M分%S秒.%3N毫秒
8:	echo '17分39秒.145毫秒	- 下载完成	0'
16:	return 0
60:	CURL v5 https://raw.githubusercontent.com/ssrsub/ssr/master/V2Ray
10:	echo --------------------------------------------------
11:	ec '- 下载文件	v5'
88:	date +%M分%S秒.%3N毫秒
8:	echo '17分39秒.148毫秒	- 下载文件	v5'
12:	ec '- 连接链接	https://raw.githubusercontent.com/ssrsub/ssr/master/V2Ray'
88:	date +%M分%S秒.%3N毫秒
8:	echo '17分39秒.150毫秒	- 连接链接	https://raw.githubusercontent.com/ssrsub/ssr/master/V2Ray'
13:	curl -s --connect-timeout 10 -o /home/runner/work/all/all/v5 https://raw.githubusercontent.com/ssrsub/ssr/master/V2Ray
14:	local CURL=0
15:	[[ 0 = 0 ]]
15:	ec '- 下载完成	0'
88:	date +%M分%S秒.%3N毫秒
8:	echo '17分39秒.261毫秒	- 下载完成	0'
16:	return 0
61:	CURL c5 https://raw.githubusercontent.com/ssrsub/ssr/master/Clash.yml
10:	echo --------------------------------------------------
11:	ec '- 下载文件	c5'
88:	date +%M分%S秒.%3N毫秒
8:	echo '17分39秒.263毫秒	- 下载文件	c5'
12:	ec '- 连接链接	https://raw.githubusercontent.com/ssrsub/ssr/master/Clash.yml'
88:	date +%M分%S秒.%3N毫秒
8:	echo '17分39秒.266毫秒	- 连接链接	https://raw.githubusercontent.com/ssrsub/ssr/master/Clash.yml'
13:	curl -s --connect-timeout 10 -o /home/runner/work/all/all/c5 https://raw.githubusercontent.com/ssrsub/ssr/master/Clash.yml
14:	local CURL=0
15:	[[ 0 = 0 ]]
15:	ec '- 下载完成	0'
88:	date +%M分%S秒.%3N毫秒
8:	echo '17分39秒.389毫秒	- 下载完成	0'
16:	return 0
62:	CURL v6 https://gitee.com/chenx58/clash/raw/V2R/V2R
10:	echo --------------------------------------------------
11:	ec '- 下载文件	v6'
88:	date +%M分%S秒.%3N毫秒
8:	echo '17分39秒.392毫秒	- 下载文件	v6'
12:	ec '- 连接链接	https://gitee.com/chenx58/clash/raw/V2R/V2R'
88:	date +%M分%S秒.%3N毫秒
8:	echo '17分39秒.393毫秒	- 连接链接	https://gitee.com/chenx58/clash/raw/V2R/V2R'
13:	curl -s --connect-timeout 10 -o /home/runner/work/all/all/v6 https://gitee.com/chenx58/clash/raw/V2R/V2R
14:	local CURL=0
15:	[[ 0 = 0 ]]
15:	ec '- 下载完成	0'
88:	date +%M分%S秒.%3N毫秒
8:	echo '17分40秒.660毫秒	- 下载完成	0'
16:	return 0
663:	curl -s https://api.github.com/repos/bhqz/bhqz/commits
663:	sed 's/.*"html_url": /html_url=/g'
663:	grep -m 1 html_url
63:	eval 'html_url="https://github.com/bhqz/bhqz/commit/e077d4e252d85a822af318a233b4e7f2cfb3d1bd",'
663:	html_url=https://github.com/bhqz/bhqz/commit/e077d4e252d85a822af318a233b4e7f2cfb3d1bd,
664:	curl -s https://github.com/bhqz/bhqz/commit/e077d4e252d85a822af318a233b4e7f2cfb3d1bd
664:	sed 's|</a>|"|g; s|{.* → ||g; s|}||g'
664:	sed -n 's|^      <a href="#diff-.*">|href="https://raw.githubusercontent.com/bhqz/bhqz/main/|p'
64:	eval 'href="https://raw.githubusercontent.com/bhqz/bhqz/main/ss/20220324.yml"'
664:	href=https://raw.githubusercontent.com/bhqz/bhqz/main/ss/20220324.yml
65:	case "$href" in
68:	ec '! 链接错误	https://raw.githubusercontent.com/bhqz/bhqz/main/ss/20220324.yml'
88:	date +%M分%S秒.%3N毫秒
8:	echo '17分41秒.289毫秒	! 链接错误	https://raw.githubusercontent.com/bhqz/bhqz/main/ss/20220324.yml'
70:	CURL v8 https://raw.githubusercontent.com/freefq/free/master/v2
10:	echo --------------------------------------------------
11:	ec '- 下载文件	v8'
88:	date +%M分%S秒.%3N毫秒
8:	echo '17分41秒.292毫秒	- 下载文件	v8'
12:	ec '- 连接链接	https://raw.githubusercontent.com/freefq/free/master/v2'
88:	date +%M分%S秒.%3N毫秒
8:	echo '17分41秒.293毫秒	- 连接链接	https://raw.githubusercontent.com/freefq/free/master/v2'
13:	curl -s --connect-timeout 10 -o /home/runner/work/all/all/v8 https://raw.githubusercontent.com/freefq/free/master/v2
14:	local CURL=0
15:	[[ 0 = 0 ]]
15:	ec '- 下载完成	0'
88:	date +%M分%S秒.%3N毫秒
8:	echo '17分41秒.414毫秒	- 下载完成	0'
16:	return 0
71:	CURL v9 https://raw.githubusercontent.com/freefq/free/master/ssr
10:	echo --------------------------------------------------
11:	ec '- 下载文件	v9'
88:	date +%M分%S秒.%3N毫秒
8:	echo '17分41秒.416毫秒	- 下载文件	v9'
12:	ec '- 连接链接	https://raw.githubusercontent.com/freefq/free/master/ssr'
88:	date +%M分%S秒.%3N毫秒
8:	echo '17分41秒.417毫秒	- 连接链接	https://raw.githubusercontent.com/freefq/free/master/ssr'
13:	curl -s --connect-timeout 10 -o /home/runner/work/all/all/v9 https://raw.githubusercontent.com/freefq/free/master/ssr
14:	local CURL=0
15:	[[ 0 = 0 ]]
15:	ec '- 下载完成	0'
88:	date +%M分%S秒.%3N毫秒
8:	echo '17分41秒.585毫秒	- 下载完成	0'
16:	return 0
772:	curl -s https://api.github.com/repos/w379740999/jdlj/commits
772:	sed 's/.*"html_url": /html_url=/g'
772:	grep -m 1 html_url
72:	eval ''
773:	curl -s https://github.com/bhqz/bhqz/commit/e077d4e252d85a822af318a233b4e7f2cfb3d1bd
773:	sed 's|</a>|"|g'
773:	sed -n 's|^      <a href="#diff-.*">|href="https://raw.githubusercontent.com/w379740999/jdlj/main/|p'
73:	eval 'href="https://raw.githubusercontent.com/w379740999/jdlj/main/ss/20220324.yml"'
773:	href=https://raw.githubusercontent.com/w379740999/jdlj/main/ss/20220324.yml
74:	CURL v10 https://raw.githubusercontent.com/w379740999/jdlj/main/ss/20220324.yml
10:	echo --------------------------------------------------
11:	ec '- 下载文件	v10'
88:	date +%M分%S秒.%3N毫秒
8:	echo '17分41秒.918毫秒	- 下载文件	v10'
12:	ec '- 连接链接	https://raw.githubusercontent.com/w379740999/jdlj/main/ss/20220324.yml'
88:	date +%M分%S秒.%3N毫秒
8:	echo '17分41秒.920毫秒	- 连接链接	https://raw.githubusercontent.com/w379740999/jdlj/main/ss/20220324.yml'
13:	curl -s --connect-timeout 10 -o /home/runner/work/all/all/v10 https://raw.githubusercontent.com/w379740999/jdlj/main/ss/20220324.yml
14:	local CURL=0
15:	[[ 0 = 0 ]]
15:	ec '- 下载完成	0'
88:	date +%M分%S秒.%3N毫秒
8:	echo '17分42秒.061毫秒	- 下载完成	0'
16:	return 0
75:	CURL v11 https://raw.githubusercontent.com/Jsnzkpg/Jsnzkpg/Jsnzkpg/Jsnzkpg
10:	echo --------------------------------------------------
11:	ec '- 下载文件	v11'
88:	date +%M分%S秒.%3N毫秒
8:	echo '17分42秒.063毫秒	- 下载文件	v11'
12:	ec '- 连接链接	https://raw.githubusercontent.com/Jsnzkpg/Jsnzkpg/Jsnzkpg/Jsnzkpg'
88:	date +%M分%S秒.%3N毫秒
8:	echo '17分42秒.065毫秒	- 连接链接	https://raw.githubusercontent.com/Jsnzkpg/Jsnzkpg/Jsnzkpg/Jsnzkpg'
13:	curl -s --connect-timeout 10 -o /home/runner/work/all/all/v11 https://raw.githubusercontent.com/Jsnzkpg/Jsnzkpg/Jsnzkpg/Jsnzkpg
14:	local CURL=0
15:	[[ 0 = 0 ]]
15:	ec '- 下载完成	0'
88:	date +%M分%S秒.%3N毫秒
8:	echo '17分42秒.242毫秒	- 下载完成	0'
16:	return 0
76:	CURL v12 https://raw.githubusercontent.com/shangou0923/gou/main/README
10:	echo --------------------------------------------------
11:	ec '- 下载文件	v12'
88:	date +%M分%S秒.%3N毫秒
8:	echo '17分42秒.245毫秒	- 下载文件	v12'
12:	ec '- 连接链接	https://raw.githubusercontent.com/shangou0923/gou/main/README'
88:	date +%M分%S秒.%3N毫秒
8:	echo '17分42秒.246毫秒	- 连接链接	https://raw.githubusercontent.com/shangou0923/gou/main/README'
13:	curl -s --connect-timeout 10 -o /home/runner/work/all/all/v12 https://raw.githubusercontent.com/shangou0923/gou/main/README
14:	local CURL=0
15:	[[ 0 = 0 ]]
15:	ec '- 下载完成	0'
88:	date +%M分%S秒.%3N毫秒
8:	echo '17分42秒.412毫秒	- 下载完成	0'
16:	return 0
777:	curl -s https://api.github.com/repos/moneyfly1/sublist/commits
777:	sed 's/.*"html_url": /html_url=/g'
777:	grep -m 1 html_url
77:	eval 'html_url="https://github.com/moneyfly1/sublist/commit/e67012a21e5ba0ca1fb1b6530014ccb22ad9fbf7",'
777:	html_url=https://github.com/moneyfly1/sublist/commit/e67012a21e5ba0ca1fb1b6530014ccb22ad9fbf7,
778:	curl -s https://github.com/moneyfly1/sublist/commit/e67012a21e5ba0ca1fb1b6530014ccb22ad9fbf7
778:	sed 's|</a>|"|g'
778:	sed -n 's|^      <a href="#diff-.*">|href="https://raw.githubusercontent.com/moneyfly1/sublist/main/|p'
78:	eval 'href="https://raw.githubusercontent.com/moneyfly1/sublist/main/clash.yml"'
778:	href=https://raw.githubusercontent.com/moneyfly1/sublist/main/clash.yml
79:	case "$href" in
80:	CURL c7 https://raw.githubusercontent.com/moneyfly1/sublist/main/clash.yml
10:	echo --------------------------------------------------
11:	ec '- 下载文件	c7'
88:	date +%M分%S秒.%3N毫秒
8:	echo '17分43秒.135毫秒	- 下载文件	c7'
12:	ec '- 连接链接	https://raw.githubusercontent.com/moneyfly1/sublist/main/clash.yml'
88:	date +%M分%S秒.%3N毫秒
8:	echo '17分43秒.137毫秒	- 连接链接	https://raw.githubusercontent.com/moneyfly1/sublist/main/clash.yml'
13:	curl -s --connect-timeout 10 -o /home/runner/work/all/all/c7 https://raw.githubusercontent.com/moneyfly1/sublist/main/clash.yml
14:	local CURL=0
15:	[[ 0 = 0 ]]
15:	ec '- 下载完成	0'
88:	date +%M分%S秒.%3N毫秒
8:	echo '17分43秒.342毫秒	- 下载完成	0'
16:	return 0
83:	CURL cv1 'https://api.v1.mk/sub?target=clash&url=https://raw.githubusercontent.com/some6508/all/master/c|https://raw.githubusercontent.com/some6508/all/master/c2|https://raw.githubusercontent.com/some6508/all/master/c3|https://raw.githubusercontent.com/some6508/all/master/c4|https://raw.githubusercontent.com/some6508/all/master/c5|https://raw.githubusercontent.com/some6508/all/master/c6|https://raw.githubusercontent.com/some6508/all/master/c7|https://raw.githubusercontent.com/some6508/all/master/v|https://raw.githubusercontent.com/some6508/all/master/v2|https://raw.githubusercontent.com/some6508/all/master/v3|https://raw.githubusercontent.com/some6508/all/master/v4|https://raw.githubusercontent.com/some6508/all/master/v5|https://raw.githubusercontent.com/some6508/all/master/v6|https://raw.githubusercontent.com/some6508/all/master/v7|https://raw.githubusercontent.com/some6508/all/master/v8|https://raw.githubusercontent.com/some6508/all/master/v9|https://raw.githubusercontent.com/some6508/all/master/v10|https://raw.githubusercontent.com/some6508/all/master/v11|https://raw.githubusercontent.com/some6508/all/master/v12&config=https://raw.githubusercontent.com/some6508/all/master/fengguo-sjgz.ini'
10:	echo --------------------------------------------------
11:	ec '- 下载文件	cv1'
88:	date +%M分%S秒.%3N毫秒
8:	echo '17分43秒.345毫秒	- 下载文件	cv1'
12:	ec '- 连接链接	https://api.v1.mk/sub?target=clash&url=https://raw.githubusercontent.com/some6508/all/master/c|https://raw.githubusercontent.com/some6508/all/master/c2|https://raw.githubusercontent.com/some6508/all/master/c3|https://raw.githubusercontent.com/some6508/all/master/c4|https://raw.githubusercontent.com/some6508/all/master/c5|https://raw.githubusercontent.com/some6508/all/master/c6|https://raw.githubusercontent.com/some6508/all/master/c7|https://raw.githubusercontent.com/some6508/all/master/v|https://raw.githubusercontent.com/some6508/all/master/v2|https://raw.githubusercontent.com/some6508/all/master/v3|https://raw.githubusercontent.com/some6508/all/master/v4|https://raw.githubusercontent.com/some6508/all/master/v5|https://raw.githubusercontent.com/some6508/all/master/v6|https://raw.githubusercontent.com/some6508/all/master/v7|https://raw.githubusercontent.com/some6508/all/master/v8|https://raw.githubusercontent.com/some6508/all/master/v9|https://raw.githubusercontent.com/some6508/all/master/v10|https://raw.githubusercontent.com/some6508/all/master/v11|https://raw.githubusercontent.com/some6508/all/master/v12&config=https://raw.githubusercontent.com/some6508/all/master/fengguo-sjgz.ini'
88:	date +%M分%S秒.%3N毫秒
8:	echo '17分43秒.346毫秒	- 连接链接	https://api.v1.mk/sub?target=clash&url=https://raw.githubusercontent.com/some6508/all/master/c|https://raw.githubusercontent.com/some6508/all/master/c2|https://raw.githubusercontent.com/some6508/all/master/c3|https://raw.githubusercontent.com/some6508/all/master/c4|https://raw.githubusercontent.com/some6508/all/master/c5|https://raw.githubusercontent.com/some6508/all/master/c6|https://raw.githubusercontent.com/some6508/all/master/c7|https://raw.githubusercontent.com/some6508/all/master/v|https://raw.githubusercontent.com/some6508/all/master/v2|https://raw.githubusercontent.com/some6508/all/master/v3|https://raw.githubusercontent.com/some6508/all/master/v4|https://raw.githubusercontent.com/some6508/all/master/v5|https://raw.githubusercontent.com/some6508/all/master/v6|https://raw.githubusercontent.com/some6508/all/master/v7|https://raw.githubusercontent.com/some6508/all/master/v8|https://raw.githubusercontent.com/some6508/all/master/v9|https://raw.githubusercontent.com/some6508/all/master/v10|https://raw.githubusercontent.com/some6508/all/master/v11|https://raw.githubusercontent.com/some6508/all/master/v12&config=https://raw.githubusercontent.com/some6508/all/master/fengguo-sjgz.ini'
13:	curl -s --connect-timeout 10 -o /home/runner/work/all/all/cv1 'https://api.v1.mk/sub?target=clash&url=https://raw.githubusercontent.com/some6508/all/master/c|https://raw.githubusercontent.com/some6508/all/master/c2|https://raw.githubusercontent.com/some6508/all/master/c3|https://raw.githubusercontent.com/some6508/all/master/c4|https://raw.githubusercontent.com/some6508/all/master/c5|https://raw.githubusercontent.com/some6508/all/master/c6|https://raw.githubusercontent.com/some6508/all/master/c7|https://raw.githubusercontent.com/some6508/all/master/v|https://raw.githubusercontent.com/some6508/all/master/v2|https://raw.githubusercontent.com/some6508/all/master/v3|https://raw.githubusercontent.com/some6508/all/master/v4|https://raw.githubusercontent.com/some6508/all/master/v5|https://raw.githubusercontent.com/some6508/all/master/v6|https://raw.githubusercontent.com/some6508/all/master/v7|https://raw.githubusercontent.com/some6508/all/master/v8|https://raw.githubusercontent.com/some6508/all/master/v9|https://raw.githubusercontent.com/some6508/all/master/v10|https://raw.githubusercontent.com/some6508/all/master/v11|https://raw.githubusercontent.com/some6508/all/master/v12&config=https://raw.githubusercontent.com/some6508/all/master/fengguo-sjgz.ini'
14:	local CURL=0
15:	[[ 0 = 0 ]]
15:	ec '- 下载完成	0'
88:	date +%M分%S秒.%3N毫秒
8:	echo '17分47秒.981毫秒	- 下载完成	0'
16:	return 0
84:	CURL vc1 'https://api.v1.mk/sub?target=v2ray&url=https://raw.githubusercontent.com/some6508/all/master/c|https://raw.githubusercontent.com/some6508/all/master/c2|https://raw.githubusercontent.com/some6508/all/master/c3|https://raw.githubusercontent.com/some6508/all/master/c4|https://raw.githubusercontent.com/some6508/all/master/c5|https://raw.githubusercontent.com/some6508/all/master/c6|https://raw.githubusercontent.com/some6508/all/master/c7|https://raw.githubusercontent.com/some6508/all/master/v|https://raw.githubusercontent.com/some6508/all/master/v2|https://raw.githubusercontent.com/some6508/all/master/v3|https://raw.githubusercontent.com/some6508/all/master/v4|https://raw.githubusercontent.com/some6508/all/master/v5|https://raw.githubusercontent.com/some6508/all/master/v6|https://raw.githubusercontent.com/some6508/all/master/v7|https://raw.githubusercontent.com/some6508/all/master/v8|https://raw.githubusercontent.com/some6508/all/master/v9|https://raw.githubusercontent.com/some6508/all/master/v10|https://raw.githubusercontent.com/some6508/all/master/v11|https://raw.githubusercontent.com/some6508/all/master/v12&config=https://raw.githubusercontent.com/some6508/all/master/fengguo-sjgz.ini'
10:	echo --------------------------------------------------
11:	ec '- 下载文件	vc1'
88:	date +%M分%S秒.%3N毫秒
8:	echo '17分47秒.984毫秒	- 下载文件	vc1'
12:	ec '- 连接链接	https://api.v1.mk/sub?target=v2ray&url=https://raw.githubusercontent.com/some6508/all/master/c|https://raw.githubusercontent.com/some6508/all/master/c2|https://raw.githubusercontent.com/some6508/all/master/c3|https://raw.githubusercontent.com/some6508/all/master/c4|https://raw.githubusercontent.com/some6508/all/master/c5|https://raw.githubusercontent.com/some6508/all/master/c6|https://raw.githubusercontent.com/some6508/all/master/c7|https://raw.githubusercontent.com/some6508/all/master/v|https://raw.githubusercontent.com/some6508/all/master/v2|https://raw.githubusercontent.com/some6508/all/master/v3|https://raw.githubusercontent.com/some6508/all/master/v4|https://raw.githubusercontent.com/some6508/all/master/v5|https://raw.githubusercontent.com/some6508/all/master/v6|https://raw.githubusercontent.com/some6508/all/master/v7|https://raw.githubusercontent.com/some6508/all/master/v8|https://raw.githubusercontent.com/some6508/all/master/v9|https://raw.githubusercontent.com/some6508/all/master/v10|https://raw.githubusercontent.com/some6508/all/master/v11|https://raw.githubusercontent.com/some6508/all/master/v12&config=https://raw.githubusercontent.com/some6508/all/master/fengguo-sjgz.ini'
88:	date +%M分%S秒.%3N毫秒
8:	echo '17分47秒.987毫秒	- 连接链接	https://api.v1.mk/sub?target=v2ray&url=https://raw.githubusercontent.com/some6508/all/master/c|https://raw.githubusercontent.com/some6508/all/master/c2|https://raw.githubusercontent.com/some6508/all/master/c3|https://raw.githubusercontent.com/some6508/all/master/c4|https://raw.githubusercontent.com/some6508/all/master/c5|https://raw.githubusercontent.com/some6508/all/master/c6|https://raw.githubusercontent.com/some6508/all/master/c7|https://raw.githubusercontent.com/some6508/all/master/v|https://raw.githubusercontent.com/some6508/all/master/v2|https://raw.githubusercontent.com/some6508/all/master/v3|https://raw.githubusercontent.com/some6508/all/master/v4|https://raw.githubusercontent.com/some6508/all/master/v5|https://raw.githubusercontent.com/some6508/all/master/v6|https://raw.githubusercontent.com/some6508/all/master/v7|https://raw.githubusercontent.com/some6508/all/master/v8|https://raw.githubusercontent.com/some6508/all/master/v9|https://raw.githubusercontent.com/some6508/all/master/v10|https://raw.githubusercontent.com/some6508/all/master/v11|https://raw.githubusercontent.com/some6508/all/master/v12&config=https://raw.githubusercontent.com/some6508/all/master/fengguo-sjgz.ini'
13:	curl -s --connect-timeout 10 -o /home/runner/work/all/all/vc1 'https://api.v1.mk/sub?target=v2ray&url=https://raw.githubusercontent.com/some6508/all/master/c|https://raw.githubusercontent.com/some6508/all/master/c2|https://raw.githubusercontent.com/some6508/all/master/c3|https://raw.githubusercontent.com/some6508/all/master/c4|https://raw.githubusercontent.com/some6508/all/master/c5|https://raw.githubusercontent.com/some6508/all/master/c6|https://raw.githubusercontent.com/some6508/all/master/c7|https://raw.githubusercontent.com/some6508/all/master/v|https://raw.githubusercontent.com/some6508/all/master/v2|https://raw.githubusercontent.com/some6508/all/master/v3|https://raw.githubusercontent.com/some6508/all/master/v4|https://raw.githubusercontent.com/some6508/all/master/v5|https://raw.githubusercontent.com/some6508/all/master/v6|https://raw.githubusercontent.com/some6508/all/master/v7|https://raw.githubusercontent.com/some6508/all/master/v8|https://raw.githubusercontent.com/some6508/all/master/v9|https://raw.githubusercontent.com/some6508/all/master/v10|https://raw.githubusercontent.com/some6508/all/master/v11|https://raw.githubusercontent.com/some6508/all/master/v12&config=https://raw.githubusercontent.com/some6508/all/master/fengguo-sjgz.ini'
14:	local CURL=0
15:	[[ 0 = 0 ]]
15:	ec '- 下载完成	0'
88:	date +%M分%S秒.%3N毫秒
8:	echo '17分48秒.539毫秒	- 下载完成	0'
16:	return 0
85:	grep -q '</html>' /home/runner/work/all/all/cv1
88:	mv -f /home/runner/work/all/all/cv1 /home/runner/work/all/all/cv
89:	mv -f /home/runner/work/all/all/vc1 /home/runner/work/all/all/vc
991:	AAA
119:	curl -s https://github.com/some6508/all/actions
119:	read i
119:	sed 's/.*">//g; s/<\/a>//g'
119:	sed -n '/<span class="color-fg-muted">$/,/<\/span>/p'
220:	[[ -z '' ]]
220:	continue
119:	read i
220:	[[ -z Scheduled ]]
221:	[[ Scheduled = *\<\/\s\p\a\n\> ]]
224:	echo -n 'Scheduled	'
119:	read i
220:	[[ -z '' ]]
220:	continue
119:	read i
220:	[[ -z </span> ]]
221:	[[ </span> = *\<\/\s\p\a\n\> ]]
222:	break
91:	AAA='Scheduled	'
92:	sed -i '/^> /c Scheduled	' /home/runner/work/all/all/README.md
993:	date +%Y年%m月%d日·周%u·%H点%M分%S秒.%3N毫秒
93:	sed -i '/^|20/c|2022年04月14日·周4·12点17分49秒.181毫秒|' /home/runner/work/all/all/README.md
994:	date +%Y年%m月%d日·周%u·%H点%M分%S秒.%3N毫秒 -d '+1 hour'
94:	sed -i '/^20/c2022年04月14日·周4·13点17分49秒.184毫秒' /home/runner/work/all/all/README.md
95:	echo --------------------------------------------------
996:	date +%Y年%m月%d日·周%u·%H点%M分%S秒.%3N毫秒
96:	echo 2022年04月14日·周4·12点17分49秒.188毫秒
